2022-08-19 20:52:58.416  INFO 7556 --- [main] c.l.SpringBootWebsales2020Application    : Starting SpringBootWebsales2020Application on DESKTOP with PID 7556 (C:\Users\Administrator\Desktop\Springboot_websales_2020\target\classes started by Administrator in C:\Users\Administrator\Desktop\Springboot_websales_2020)
2022-08-19 20:52:58.424  INFO 7556 --- [main] c.l.SpringBootWebsales2020Application    : No active profile set, falling back to default profiles: default
2022-08-19 20:52:59.182  INFO 7556 --- [main] .s.d.r.c.RepositoryConfigurationDelegate : Bootstrapping Spring Data repositories in DEFAULT mode.
2022-08-19 20:52:59.221  INFO 7556 --- [main] .s.d.r.c.RepositoryConfigurationDelegate : Finished Spring Data repository scanning in 29ms. Found 0 repository interfaces.
2022-08-19 20:52:59.522  INFO 7556 --- [main] trationDelegate$BeanPostProcessorChecker : Bean 'org.springframework.transaction.annotation.ProxyTransactionManagementConfiguration' of type [org.springframework.transaction.annotation.ProxyTransactionManagementConfiguration] is not eligible for getting processed by all BeanPostProcessors (for example: not eligible for auto-proxying)
2022-08-19 20:52:59.784  INFO 7556 --- [main] o.s.b.w.embedded.tomcat.TomcatWebServer  : Tomcat initialized with port(s): 8081 (http)
2022-08-19 20:52:59.793  INFO 7556 --- [main] o.apache.catalina.core.StandardService   : Starting service [Tomcat]
2022-08-19 20:52:59.793  INFO 7556 --- [main] org.apache.catalina.core.StandardEngine  : Starting Servlet engine: [Apache Tomcat/9.0.27]
2022-08-19 20:53:00.195  INFO 7556 --- [main] org.apache.jasper.servlet.TldScanner     : At least one JAR was scanned for TLDs yet contained no TLDs. Enable debug logging for this logger for a complete list of JARs that were scanned but no TLDs were found in them. Skipping unneeded JARs during scanning can improve startup time and JSP compilation time.
2022-08-19 20:53:00.200  INFO 7556 --- [main] o.a.c.c.C.[Tomcat].[localhost].[/]       : Initializing Spring embedded WebApplicationContext
2022-08-19 20:53:00.200  INFO 7556 --- [main] o.s.web.context.ContextLoader            : Root WebApplicationContext: initialization completed in 1705 ms
2022-08-19 20:53:00.441  INFO 7556 --- [main] org.hibernate.Version                    : HHH000412: Hibernate Core {5.4.8.Final}
2022-08-19 20:53:00.628  INFO 7556 --- [main] o.hibernate.annotations.common.Version   : HCANN000001: Hibernate Commons Annotations {5.1.0.Final}
2022-08-19 20:53:00.903  INFO 7556 --- [main] org.hibernate.dialect.Dialect            : HHH000400: Using dialect: org.hibernate.dialect.SQLServer2008Dialect
2022-08-19 20:53:01.816  INFO 7556 --- [main] o.h.e.t.j.p.i.JtaPlatformInitiator       : HHH000490: Using JtaPlatform implementation: [org.hibernate.engine.transaction.jta.platform.internal.NoJtaPlatform]
2022-08-19 20:53:02.263  INFO 7556 --- [main] org.apache.tiles.access.TilesAccess      : Publishing TilesContext for context: org.springframework.web.servlet.view.tiles3.SpringWildcardServletTilesApplicationContext
2022-08-19 20:53:02.384  INFO 7556 --- [main] o.s.s.concurrent.ThreadPoolTaskExecutor  : Initializing ExecutorService 'applicationTaskExecutor'
2022-08-19 20:53:02.466  INFO 7556 --- [main] o.s.b.a.w.s.WelcomePageHandlerMapping    : Adding welcome page template: index
2022-08-19 20:53:02.808  INFO 7556 --- [main] o.s.b.w.embedded.tomcat.TomcatWebServer  : Tomcat started on port(s): 8081 (http) with context path ''
2022-08-19 20:53:02.811  INFO 7556 --- [main] c.l.SpringBootWebsales2020Application    : Started SpringBootWebsales2020Application in 5.285 seconds (JVM running for 7.548)
2022-08-19 20:53:10.406  INFO 7556 --- [http-nio-8081-exec-1] o.a.c.c.C.[Tomcat].[localhost].[/]       : Initializing Spring DispatcherServlet 'dispatcherServlet'
2022-08-19 20:53:10.407  INFO 7556 --- [http-nio-8081-exec-1] o.s.web.servlet.DispatcherServlet        : Initializing Servlet 'dispatcherServlet'
2022-08-19 20:53:10.416  INFO 7556 --- [http-nio-8081-exec-1] o.s.web.servlet.DispatcherServlet        : Completed initialization in 9 ms
